<?xml version="1.0" encoding="UTF-8"?>
<!-- Generated by org.testng.reporters.JUnitReportReporter -->
<testsuite skipped="0" hostname="LAPTOP-2MVFHS85" name="org.springframework.test.context.cache.ClassLevelDirtiesContextTestNGTests$ClassLevelDirtiesContextWithCleanMethodsAndDefaultModeTestCase" tests="1" failures="0" timestamp="05 三月 2021 14:28:05 GMT" time="0.001" errors="0">
  <testcase name="verifyContextWasAutowired" time="0.001" classname="org.springframework.test.context.cache.ClassLevelDirtiesContextTestNGTests$ClassLevelDirtiesContextWithCleanMethodsAndDefaultModeTestCase"/>
</testsuite> <!-- org.springframework.test.context.cache.ClassLevelDirtiesContextTestNGTests$ClassLevelDirtiesContextWithCleanMethodsAndDefaultModeTestCase -->
