<?xml version="1.0" encoding="UTF-8"?>
<!-- Generated by org.testng.reporters.JUnitReportReporter -->
<testsuite skipped="0" hostname="LAPTOP-2MVFHS85" name="org.springframework.test.context.cache.ClassLevelDirtiesContextTestNGTests$InheritedClassLevelDirtiesContextWithAfterEachTestMethodModeTestCase" tests="3" failures="0" timestamp="05 三月 2021 14:28:05 GMT" time="0.012" errors="0">
  <testcase name="verifyContextWasAutowired1" time="0.005" classname="org.springframework.test.context.cache.ClassLevelDirtiesContextTestNGTests$InheritedClassLevelDirtiesContextWithAfterEachTestMethodModeTestCase"/>
  <testcase name="verifyContextWasAutowired3" time="0.005" classname="org.springframework.test.context.cache.ClassLevelDirtiesContextTestNGTests$InheritedClassLevelDirtiesContextWithAfterEachTestMethodModeTestCase"/>
  <testcase name="verifyContextWasAutowired2" time="0.002" classname="org.springframework.test.context.cache.ClassLevelDirtiesContextTestNGTests$InheritedClassLevelDirtiesContextWithAfterEachTestMethodModeTestCase"/>
</testsuite> <!-- org.springframework.test.context.cache.ClassLevelDirtiesContextTestNGTests$InheritedClassLevelDirtiesContextWithAfterEachTestMethodModeTestCase -->
